[16:51:26] [main/ERROR]: No key structures in MapLike[{"layers":[{"block":"minecraft:bedrock","height":1},{"block":"minecraft:stone","height":2},{"block":"minecraft:sandstone","height":15}],"biome":"minecraft:desert"}]
[16:51:26] [main/INFO]: Environment: authHost='https://authserver.mojang.com', accountsHost='https://api.mojang.com', sessionHost='https://sessionserver.mojang.com', servicesHost='https://api.minecraftservices.com', name='PROD'
[16:51:26] [main/INFO]: Reloading ResourceManager: Default, bukkit
[16:51:27] [Worker-Main-3/INFO]: Loaded 7 recipes
[16:51:27] [Server thread/INFO]: Starting minecraft server version 1.16.5
[16:51:27] [Server thread/INFO]: Loading properties
[16:51:27] [Server thread/INFO]: This server is running Paper version git-Paper-794 (MC: 1.16.5) (Implementing API version 1.16.5-R0.1-SNAPSHOT)
[16:51:27] [Server thread/INFO]: Debug logging is disabled
[16:51:27] [Server thread/INFO]: Server Ping Player Sample Count: 12
[16:51:27] [Server thread/INFO]: Using 4 threads for Netty based IO
[16:51:27] [Server thread/INFO]: Default game type: ADVENTURE
[16:51:27] [Server thread/INFO]: Generating keypair
[16:51:27] [Server thread/INFO]: Starting Minecraft server on *:25565
[16:51:27] [Server thread/INFO]: Using epoll channel type
[16:51:28] [Server thread/INFO]: [Images] Loading Images v2.5.10
[16:51:28] [Server thread/INFO]: [DecentHolograms] Loading DecentHolograms v2.10.0
[16:51:28] [Server thread/INFO]: Server permissions file permissions.yml is empty, ignoring it
[16:51:28] [Server thread/WARN]: **** SERVER IS RUNNING IN OFFLINE/INSECURE MODE!
[16:51:28] [Server thread/WARN]: The server will make no attempt to authenticate usernames. Beware.
[16:51:28] [Server thread/WARN]: While this makes the game possible to play without internet access, it also opens up the ability for hackers to connect with any username they choose.
[16:51:28] [Server thread/WARN]: To change this, set "online-mode" to "true" in the server.properties file.
[16:51:28] [Server thread/INFO]: Preparing level "world"
[16:51:28] [Server thread/INFO]: Preparing start region for dimension minecraft:overworld
[16:51:28] [Server thread/INFO]: Preparing spawn area: 0%
[16:51:28] [Server thread/INFO]: Time elapsed: 187 ms
[16:51:28] [Server thread/INFO]: Preparing start region for dimension minecraft:the_nether
[16:51:28] [Server thread/INFO]: Time elapsed: 67 ms
[16:51:28] [Server thread/INFO]: Preparing start region for dimension minecraft:the_end
[16:51:28] [Server thread/INFO]: Time elapsed: 56 ms
[16:51:28] [Server thread/INFO]: [Images] Enabling Images v2.5.10
[16:51:28] [Server thread/INFO]: [Images] PaperMC server detected. Adjustments will be made to accommodate...
[16:51:28] [Server thread/INFO]: [DecentHolograms] Enabling DecentHolograms v2.10.0
[16:51:28] [Server thread/INFO]: [DecentHolograms] Initialized NMS adapter for v1_16_R3 (1.16.5).
[16:51:29] [Server thread/INFO]: [NBTAPI] [NBTAPI] Found Minecraft: v1_16_R3! Trying to find NMS support
[16:51:29] [Server thread/INFO]: [NBTAPI] [NBTAPI] NMS support 'MC1_16_R3' loaded!
[16:51:29] [Server thread/INFO]: [NBTAPI] [NBTAPI] Using the plugin 'DecentHolograms' to create a bStats instance!
[16:51:29] [Server thread/INFO]: [DecentHolograms] NBT-API loaded successfully.
[16:51:29] [Server thread/INFO]: Starting remote control listener
[16:51:29] [Server thread/INFO]: Thread RCON Listener started
[16:51:29] [Server thread/INFO]: RCON running on 0.0.0.0:25575
[16:51:29] [Server thread/INFO]: Running delayed init tasks
[16:51:29] [Server thread/INFO]: Done (1.566s)! For help, type "help"
[16:51:29] [Server thread/INFO]: Timings Reset
[16:51:29] [Craft Scheduler Thread - 3/INFO]: [DecentHolograms] Loading holograms... 
[16:51:29] [Craft Scheduler Thread - 3/INFO]: [DecentHolograms] Loaded 2 holograms!
[16:51:29] [Craft Scheduler Thread - 2/INFO]: 
A newer version of DecentHolograms is available. Download it from: 
- https://www.spigotmc.org/resources/96927/
- https://modrinth.com/plugin/decentholograms
[16:51:32] [Craft Scheduler Thread - 2/INFO]: [Images] Loaded 9 images...
[16:55:27] [User Authenticator #1/INFO]: UUID of player Zevsoverlord is 84177fe7-3cb4-3709-a185-8f6ff9ad0a0c
[16:55:27] [Server thread/WARN]: Ignoring unknown attribute 'forge:entity_gravity'
[16:55:27] [Server thread/WARN]: Ignoring unknown attribute 'forge:reach_distance'
[16:55:27] [Server thread/INFO]: Zevsoverlord joined the game
[16:55:27] [Server thread/INFO]: Zevsoverlord[/185.174.137.105:49622] logged in with entity id 113 at ([world]10.5, 5.5, -5.5)
[16:57:47] [Server thread/INFO]: Zevsoverlord lost connection: Disconnected
[16:57:47] [Server thread/INFO]: Zevsoverlord left the game
[16:58:22] [Server thread/INFO]: [@: Set the weather to clear]
[16:58:22] [Server thread/INFO]: [@: Set the time to 1000]
